<?xml version="1.0" encoding="UTF-8"?>
<!-- Generated by org.testng.reporters.JUnitReportReporter -->
<testsuite hostname="DESKTOP-5R7CBE7" failures="0" tests="1" name="POMconcept.LoginPageWithPOM" time="14.220" errors="0" timestamp="2024-12-24T14:01:59 IST" skipped="0">
  <testcase classname="POMconcept.LoginPageWithPOM" name="verifyTheUser" time="14.220"/>
  <system-out/>
</testsuite> <!-- POMconcept.LoginPageWithPOM -->
