<?xml version="1.0" encoding="UTF-8"?>
<!-- Generated by org.testng.reporters.JUnitReportReporter -->
<testsuite hostname="DESKTOP-5R7CBE7" failures="0" tests="2" name="LearningTestNG.FlagAttributeDataProvider" time="0.031" errors="0" timestamp="2024-12-16T14:17:34 IST" skipped="0">
  <testcase classname="LearningTestNG.FlagAttributeDataProvider" name="employee" time="0.009"/>
  <system-out>
    <![CDATA[Name is:karishma
Dept is:Development]]>
  </system-out>
  <testcase classname="LearningTestNG.FlagAttributeDataProvider" name="employee" time="0.022"/>
  <system-out>
    <![CDATA[Name is:jaheer
Dept is:Testing]]>
  </system-out>
</testsuite> <!-- LearningTestNG.FlagAttributeDataProvider -->
