<?xml version="1.0" encoding="UTF-8"?>
<!-- Generated by org.testng.reporters.JUnitReportReporter -->
<testsuite hostname="DESKTOP-5R7CBE7" failures="0" tests="2" name="LearningTestNG.AddProduct3" time="6.444" errors="0" timestamp="2024-12-12T14:23:25 IST" skipped="0">
  <testcase classname="LearningTestNG.AddProduct3" name="removeProduct" time="5.221"/>
  <system-out/>
  <testcase classname="LearningTestNG.AddProduct3" name="addFirstProduct" time="1.223"/>
  <system-out/>
</testsuite> <!-- LearningTestNG.AddProduct3 -->
