<?xml version="1.0" encoding="UTF-8"?>
<!-- Generated by org.testng.reporters.JUnitReportReporter -->
<testsuite hostname="DESKTOP-5R7CBE7" failures="0" tests="3" name="LearningTestNG.FlagAttributePriority" time="0.035" errors="0" timestamp="2024-12-16T14:03:37 IST" skipped="0">
  <testcase classname="LearningTestNG.FlagAttributePriority" name="m1" time="0.022"/>
  <system-out>
    <![CDATA[Orange]]>
  </system-out>
  <testcase classname="LearningTestNG.FlagAttributePriority" name="m3" time="0.009"/>
  <system-out>
    <![CDATA[banana]]>
  </system-out>
  <testcase classname="LearningTestNG.FlagAttributePriority" name="m2" time="0.004"/>
  <system-out>
    <![CDATA[apple]]>
  </system-out>
</testsuite> <!-- LearningTestNG.FlagAttributePriority -->
