<?xml version="1.0" encoding="UTF-8"?>
<!-- Generated by org.testng.reporters.JUnitReportReporter -->
<testsuite hostname="DESKTOP-5R7CBE7" failures="0" tests="6" name="e_Comm_Project.ImplementedClass" time="42.208" errors="0" timestamp="2024-12-13T13:39:36 IST" skipped="0">
  <testcase classname="e_Comm_Project.ImplementedClass" name="addproduct_2" time="6.817"/>
  <system-out>
    <![CDATA[2st Product add to card]]>
  </system-out>
  <testcase classname="e_Comm_Project.ImplementedClass" name="addproduct_2" time="6.917"/>
  <system-out>
    <![CDATA[2st Product add to card]]>
  </system-out>
  <testcase classname="e_Comm_Project.ImplementedClass" name="addproduct_1" time="7.889"/>
  <system-out>
    <![CDATA[1st Product add to card]]>
  </system-out>
  <testcase classname="e_Comm_Project.ImplementedClass" name="addproduct_3" time="6.523"/>
  <system-out>
    <![CDATA[3st Product add to card]]>
  </system-out>
  <testcase classname="e_Comm_Project.ImplementedClass" name="addproduct_1" time="7.541"/>
  <system-out>
    <![CDATA[1st Product add to card]]>
  </system-out>
  <testcase classname="e_Comm_Project.ImplementedClass" name="addproduct_3" time="6.521"/>
  <system-out>
    <![CDATA[3st Product add to card]]>
  </system-out>
</testsuite> <!-- e_Comm_Project.ImplementedClass -->
