<?xml version="1.0" encoding="UTF-8"?>
<!-- Generated by org.testng.reporters.JUnitReportReporter -->
<testsuite hostname="DESKTOP-5R7CBE7" failures="0" tests="1" name="ProductTest.VerifySixthProduct" time="33.892" errors="0" timestamp="2024-12-28T12:26:12 IST" skipped="0">
  <testcase classname="ProductTest.VerifySixthProduct" name="addSixthproduct" time="33.892"/>
  <system-out/>
</testsuite> <!-- ProductTest.VerifySixthProduct -->
