<?xml version="1.0" encoding="UTF-8"?>
<!-- Generated by org.testng.reporters.JUnitReportReporter -->
<testsuite hostname="DESKTOP-5R7CBE7" failures="0" tests="2" name="LearningTestNG.AddProduct" time="3.565" errors="0" timestamp="2024-12-14T13:28:57 IST" skipped="0">
  <testcase classname="LearningTestNG.AddProduct" name="addFirstProduct" time="1.097"/>
  <system-out>
    <![CDATA[1stTest cases]]>
  </system-out>
  <testcase classname="LearningTestNG.AddProduct" name="addFirstProduct" time="2.468"/>
  <system-out>
    <![CDATA[1stTest cases]]>
  </system-out>
</testsuite> <!-- LearningTestNG.AddProduct -->
