<?xml version="1.0" encoding="UTF-8"?>
<!-- Generated by org.testng.reporters.JUnitReportReporter -->
<testsuite hostname="DESKTOP-5R7CBE7" failures="0" tests="1" name="HandlingNewWindowsAnTab.HandlingNewWindows" time="14.173" errors="0" timestamp="2024-12-27T13:24:27 IST" skipped="0">
  <testcase classname="HandlingNewWindowsAnTab.HandlingNewWindows" name="newWindow" time="14.173"/>
  <system-out/>
</testsuite> <!-- HandlingNewWindowsAnTab.HandlingNewWindows -->
