<?xml version="1.0" encoding="UTF-8"?>
<!-- Generated by org.testng.reporters.JUnitReportReporter -->
<testsuite hostname="DESKTOP-5R7CBE7" failures="0" tests="1" name="DataDrivenTesting.WriteTheDataInPropertiesFile" time="0.078" errors="0" timestamp="2024-12-19T12:54:44 IST" skipped="0">
  <testcase classname="DataDrivenTesting.WriteTheDataInPropertiesFile" name="FetchProperty" time="0.078"/>
  <system-out/>
</testsuite> <!-- DataDrivenTesting.WriteTheDataInPropertiesFile -->
