<?xml version="1.0" encoding="UTF-8"?>
<!-- Generated by org.testng.reporters.JUnitReportReporter -->
<testsuite hostname="DESKTOP-5R7CBE7" failures="0" tests="1" name="POMconcept.LearingPOMConcept" time="20.769" errors="0" timestamp="2024-12-24T13:13:23 IST" skipped="0">
  <testcase classname="POMconcept.LearingPOMConcept" name="m1" time="20.769"/>
  <system-out/>
</testsuite> <!-- POMconcept.LearingPOMConcept -->
