<?xml version="1.0" encoding="UTF-8"?>
<!-- Generated by org.testng.reporters.JUnitReportReporter -->
<testsuite hostname="DESKTOP-5R7CBE7" failures="0" tests="2" name="DataDrivenTesting.ReadDataFromExcelFile" time="1.341" errors="0" timestamp="2024-12-28T18:30:45 IST" skipped="1">
  <testcase classname="DataDrivenTesting.ReadDataFromExcelFile" name="readTheRecord" time="1.341"/>
  <system-out/>
  <testcase classname="DataDrivenTesting.ReadDataFromExcelFile" name="readSingleData">
    <skipped/>
  </testcase> <!-- readSingleData -->
  <system-out/>
</testsuite> <!-- DataDrivenTesting.ReadDataFromExcelFile -->
