<?xml version="1.0" encoding="UTF-8"?>
<!-- Generated by org.testng.reporters.JUnitReportReporter -->
<testsuite hostname="DESKTOP-5R7CBE7" failures="0" tests="1" name="HandlingNewWindowsAnTab.HandlingNewTab" time="12.625" errors="0" timestamp="2024-12-27T13:25:32 IST" skipped="0">
  <testcase classname="HandlingNewWindowsAnTab.HandlingNewTab" name="newTab" time="12.625"/>
  <system-out/>
</testsuite> <!-- HandlingNewWindowsAnTab.HandlingNewTab -->
