<?xml version="1.0" encoding="UTF-8"?>
<!-- Generated by org.testng.reporters.JUnitReportReporter -->
<testsuite hostname="DESKTOP-5R7CBE7" failures="0" tests="1" name="LearningTestNG.sampleTestNg" time="0.004" errors="0" timestamp="2024-12-10T13:31:30 IST" skipped="0">
  <testcase classname="LearningTestNG.sampleTestNg" name="demo" time="0.004"/>
  <system-out>
    <![CDATA[hi]]>
  </system-out>
</testsuite> <!-- LearningTestNG.sampleTestNg -->
