<?xml version="1.0" encoding="UTF-8"?>
<!-- Generated by org.testng.reporters.JUnitReportReporter -->
<testsuite hostname="DESKTOP-5R7CBE7" failures="0" tests="2" name="LearningTestNG.FlagAttributeDependsOnMethods" time="0.034" errors="0" timestamp="2024-12-16T14:09:16 IST" skipped="0">
  <testcase classname="LearningTestNG.FlagAttributeDependsOnMethods" name="parent" time="0.025"/>
  <system-out>
    <![CDATA[-----parent-----]]>
  </system-out>
  <testcase classname="LearningTestNG.FlagAttributeDependsOnMethods" name="child" time="0.009"/>
  <system-out>
    <![CDATA[-----child-----]]>
  </system-out>
</testsuite> <!-- LearningTestNG.FlagAttributeDependsOnMethods -->
