<?xml version="1.0" encoding="UTF-8"?>
<!-- Generated by org.testng.reporters.JUnitReportReporter -->
<testsuite hostname="DESKTOP-5R7CBE7" failures="0" tests="1" name="e_Comm_Project.YouTube" time="28.266" errors="0" timestamp="2025-01-02T19:00:49 IST" skipped="0">
  <testcase classname="e_Comm_Project.YouTube" name="youtube" time="28.266"/>
  <system-out/>
</testsuite> <!-- e_Comm_Project.YouTube -->
