<?xml version="1.0" encoding="UTF-8"?>
<!-- Generated by org.testng.reporters.JUnitReportReporter -->
<testsuite hostname="DESKTOP-5R7CBE7" failures="0" tests="3" name="DataDrivenTesting.ReadDataFromExcelFile" time="1.515" errors="0" timestamp="2025-01-22T23:35:24 IST" skipped="2">
  <testcase classname="DataDrivenTesting.ReadDataFromExcelFile" name="writeSingleData_NewRow" time="1.515"/>
  <system-out/>
  <testcase classname="DataDrivenTesting.ReadDataFromExcelFile" name="readTheRecord">
    <skipped/>
  </testcase> <!-- readTheRecord -->
  <system-out/>
  <testcase classname="DataDrivenTesting.ReadDataFromExcelFile" name="readSingleData">
    <skipped/>
  </testcase> <!-- readSingleData -->
  <system-out/>
</testsuite> <!-- DataDrivenTesting.ReadDataFromExcelFile -->
