<?xml version="1.0" encoding="UTF-8"?>
<!-- Generated by org.testng.reporters.JUnitReportReporter -->
<testsuite hostname="DESKTOP-5R7CBE7" failures="0" tests="1" name="PurchaseProduct.orderTheProduct" time="38.200" errors="0" timestamp="2025-01-02T18:58:46 IST" skipped="0">
  <testcase classname="PurchaseProduct.orderTheProduct" name="order" time="38.200"/>
  <system-out/>
</testsuite> <!-- PurchaseProduct.orderTheProduct -->
