<?xml version="1.0" encoding="UTF-8"?>
<!-- Generated by org.testng.reporters.JUnitReportReporter -->
<testsuite hostname="DESKTOP-5R7CBE7" failures="0" tests="1" name="LearningTestNG.TestNGDemo1" time="16.236" errors="0" timestamp="2024-12-10T13:23:53 IST" skipped="0">
  <testcase classname="LearningTestNG.TestNGDemo1" name="demo1" time="16.236"/>
  <system-out/>
</testsuite> <!-- LearningTestNG.TestNGDemo1 -->
