<?xml version="1.0" encoding="UTF-8"?>
<!-- Generated by org.testng.reporters.JUnitReportReporter -->
<testsuite hostname="DESKTOP-5R7CBE7" failures="0" tests="10" name="LearningTestNG.FlagAttributeInvocationCount" time="0.046" errors="0" timestamp="2024-12-16T14:05:28 IST" skipped="0">
  <testcase classname="LearningTestNG.FlagAttributeInvocationCount" name="orange" time="0.009"/>
  <system-out>
    <![CDATA[orange]]>
  </system-out>
  <testcase classname="LearningTestNG.FlagAttributeInvocationCount" name="orange" time="0.002"/>
  <system-out>
    <![CDATA[orange]]>
  </system-out>
  <testcase classname="LearningTestNG.FlagAttributeInvocationCount" name="orange" time="0.002"/>
  <system-out>
    <![CDATA[orange]]>
  </system-out>
  <testcase classname="LearningTestNG.FlagAttributeInvocationCount" name="orange" time="0.003"/>
  <system-out>
    <![CDATA[orange]]>
  </system-out>
  <testcase classname="LearningTestNG.FlagAttributeInvocationCount" name="orange" time="0.002"/>
  <system-out>
    <![CDATA[orange]]>
  </system-out>
  <testcase classname="LearningTestNG.FlagAttributeInvocationCount" name="orange" time="0.001"/>
  <system-out>
    <![CDATA[orange]]>
  </system-out>
  <testcase classname="LearningTestNG.FlagAttributeInvocationCount" name="orange" time="0.002"/>
  <system-out>
    <![CDATA[orange]]>
  </system-out>
  <testcase classname="LearningTestNG.FlagAttributeInvocationCount" name="orange" time="0.001"/>
  <system-out>
    <![CDATA[orange]]>
  </system-out>
  <testcase classname="LearningTestNG.FlagAttributeInvocationCount" name="orange" time="0.020"/>
  <system-out>
    <![CDATA[orange]]>
  </system-out>
  <testcase classname="LearningTestNG.FlagAttributeInvocationCount" name="orange" time="0.004"/>
  <system-out>
    <![CDATA[orange]]>
  </system-out>
</testsuite> <!-- LearningTestNG.FlagAttributeInvocationCount -->
