<?xml version="1.0" encoding="UTF-8"?>
<!-- Generated by org.testng.reporters.JUnitReportReporter -->
<testsuite hostname="DESKTOP-5R7CBE7" failures="0" tests="1" name="DataDrivenTesting.PropertiesConcept" time="0.080" errors="0" timestamp="2024-12-18T14:00:50 IST" skipped="0">
  <testcase classname="DataDrivenTesting.PropertiesConcept" name="FetchProperty" time="0.080"/>
  <system-out/>
</testsuite> <!-- DataDrivenTesting.PropertiesConcept -->
