<?xml version="1.0" encoding="UTF-8"?>
<!-- Generated by org.testng.reporters.JUnitReportReporter -->
<testsuite hostname="DESKTOP-5R7CBE7" failures="0" tests="2" name="LearningTestNG.FlagAttributeEnabled" time="0.026" errors="0" timestamp="2024-12-16T14:11:27 IST" skipped="1">
  <testcase classname="LearningTestNG.FlagAttributeEnabled" name="m1" time="0.026"/>
  <system-out>
    <![CDATA[====add====]]>
  </system-out>
  <testcase classname="LearningTestNG.FlagAttributeEnabled" name="m2">
    <skipped/>
  </testcase> <!-- m2 -->
  <system-out/>
</testsuite> <!-- LearningTestNG.FlagAttributeEnabled -->
