<?xml version="1.0" encoding="UTF-8"?>
<!-- Generated by org.testng.reporters.JUnitReportReporter -->
<testsuite hostname="DESKTOP-5R7CBE7" failures="0" tests="4" name="LearningTestNG.AddProduct2" time="13.138" errors="0" timestamp="2024-12-13T13:52:58 IST" skipped="0">
  <testcase classname="LearningTestNG.AddProduct2" name="addFirstProduct" time="1.394"/>
  <system-out/>
  <testcase classname="LearningTestNG.AddProduct2" name="removeProduct" time="5.474"/>
  <system-out/>
  <testcase classname="LearningTestNG.AddProduct2" name="removeProduct" time="4.998"/>
  <system-out/>
  <testcase classname="LearningTestNG.AddProduct2" name="addFirstProduct" time="1.272"/>
  <system-out/>
</testsuite> <!-- LearningTestNG.AddProduct2 -->
